<?xml version='1.0'?>
<ns2:test-suite xmlns:ns2='urn:model.allure.qatools.yandex.ru' start='1677040097364' stop='1677040101349'>
    <name>Category: Unsuccessfully Add new category</name>
    <title>Category: Unsuccessfully Add new category</title>
    <test-cases>
        <test-case start='1677040097364' status='passed' stop='1677040097369'>
            <name></name>
            <title></title>
            <labels>
                <label name='language' value='javascript'/>
                <label name='framework' value='wdio'/>
                <label name='thread' value='0-0'/>
            </labels>
            <parameters>
                <parameter kind='argument' name='browser' value='chrome-110.0.5481.104'/>
            </parameters>
            <steps>
                <step start='1677040097367' status='undefined'>
                    <name>POST /session/:sessionId/url</name>
                    <title>POST /session/:sessionId/url</title>
                    <attachments>
                        <attachment title='Request' source='3dbcc447-357d-4595-a7bc-5f45bc6edefb-attachment.json' type='application/json' size='47'/>
                    </attachments>
                    <steps/>
                </step>
            </steps>
            <attachments/>
        </test-case>
        <test-case start='1677040097369' status='broken' stop='1677040101342'>
            <name>Given I am on the login page</name>
            <title>Given I am on the login page</title>
            <labels>
                <label name='language' value='javascript'/>
                <label name='framework' value='wdio'/>
                <label name='thread' value='0-0'/>
            </labels>
            <parameters>
                <parameter kind='argument' name='browser' value='chrome-110.0.5481.104'/>
            </parameters>
            <steps>
                <step start='1677040097373' status='passed' stop='1677040100964'>
                    <name>POST /session/:sessionId/url</name>
                    <title>POST /session/:sessionId/url</title>
                    <attachments>
                        <attachment title='Request' source='ed716ea4-6906-4adc-9caa-474330820604-attachment.json' type='application/json' size='47'/>
                        <attachment title='Response' source='d9f0aab7-b8f0-41fa-892d-aa1361b1bcec-attachment.json' type='application/json' size='2'/>
                    </attachments>
                    <steps/>
                </step>
            </steps>
            <attachments/>
            <failure>
                <message>invalid session id: invalid session id</message>
                <stack-trace>invalid session id: invalid session id
                    at getErrorFromResponseBody (file:///C:/Users/User/wdioCucumberTs/node_modules/webdriver/build/utils.js:194:12)
                    at NodeJSRequest._request (file:///C:/Users/User/wdioCucumberTs/node_modules/webdriver/build/request/index.js:164:23)
                    at processTicksAndRejections (node:internal/process/task_queues:96:5)
                    at async Browser.wrapCommandFn (file:///C:/Users/User/wdioCucumberTs/node_modules/@wdio/utils/build/shim.js:72:29)
                    at async Browser.wrapCommandFn (file:///C:/Users/User/wdioCucumberTs/node_modules/@wdio/utils/build/shim.js:72:29)</stack-trace>
            </failure>
        </test-case>
        <test-case start='1677040101342' status='pending' stop='1677040101343'>
            <name>When I input rahmansopian6@gmail.com as email</name>
            <title>When I input rahmansopian6@gmail.com as email</title>
            <labels>
                <label name='language' value='javascript'/>
                <label name='framework' value='wdio'/>
                <label name='thread' value='0-0'/>
            </labels>
            <parameters>
                <parameter kind='argument' name='browser' value='chrome-110.0.5481.104'/>
            </parameters>
            <steps/>
            <attachments/>
        </test-case>
        <test-case start='1677040101343' status='pending' stop='1677040101343'>
            <name>When I input P@ssw0rd as password</name>
            <title>When I input P@ssw0rd as password</title>
            <labels>
                <label name='language' value='javascript'/>
                <label name='framework' value='wdio'/>
                <label name='thread' value='0-0'/>
            </labels>
            <parameters>
                <parameter kind='argument' name='browser' value='chrome-110.0.5481.104'/>
            </parameters>
            <steps/>
            <attachments/>
        </test-case>
        <test-case start='1677040101344' status='pending' stop='1677040101344'>
            <name>When I click button submit</name>
            <title>When I click button submit</title>
            <labels>
                <label name='language' value='javascript'/>
                <label name='framework' value='wdio'/>
                <label name='thread' value='0-0'/>
            </labels>
            <parameters>
                <parameter kind='argument' name='browser' value='chrome-110.0.5481.104'/>
            </parameters>
            <steps/>
            <attachments/>
        </test-case>
        <test-case start='1677040101344' status='pending' stop='1677040101344'>
            <name>Then I should see dashboard page</name>
            <title>Then I should see dashboard page</title>
            <labels>
                <label name='language' value='javascript'/>
                <label name='framework' value='wdio'/>
                <label name='thread' value='0-0'/>
            </labels>
            <parameters>
                <parameter kind='argument' name='browser' value='chrome-110.0.5481.104'/>
            </parameters>
            <steps/>
            <attachments/>
        </test-case>
        <test-case start='1677040101344' status='pending' stop='1677040101345'>
            <name>Given I am on category page</name>
            <title>Given I am on category page</title>
            <labels>
                <label name='language' value='javascript'/>
                <label name='framework' value='wdio'/>
                <label name='thread' value='0-0'/>
            </labels>
            <parameters>
                <parameter kind='argument' name='browser' value='chrome-110.0.5481.104'/>
            </parameters>
            <steps/>
            <attachments/>
        </test-case>
        <test-case start='1677040101345' status='pending' stop='1677040101345'>
            <name>When I click button tambah</name>
            <title>When I click button tambah</title>
            <labels>
                <label name='language' value='javascript'/>
                <label name='framework' value='wdio'/>
                <label name='thread' value='0-0'/>
            </labels>
            <parameters>
                <parameter kind='argument' name='browser' value='chrome-110.0.5481.104'/>
            </parameters>
            <steps/>
            <attachments/>
        </test-case>
        <test-case start='1677040101345' status='broken' stop='1677040101346'>
            <name>When I input  as nama</name>
            <title>When I input  as nama</title>
            <labels>
                <label name='language' value='javascript'/>
                <label name='framework' value='wdio'/>
                <label name='thread' value='0-0'/>
            </labels>
            <parameters>
                <parameter kind='argument' name='browser' value='chrome-110.0.5481.104'/>
            </parameters>
            <steps/>
            <attachments/>
            <failure>
                <message>Step "I input  as nama" is not defined. You can ignore this error by setting cucumberOpts.ignoreUndefinedDefinitions as true.</message>
                <stack-trace>Step "I input  as nama" is not defined. You can ignore this error by setting cucumberOpts.ignoreUndefinedDefinitions as true.
                	at Feature(C:\Users\User\wdioCucumberTs\features\category.feature):1:1
                	at Scenario(Unsuccessfully Add new category):23:1
                	at Step(I input &lt;nama> as nama):27:5
                </stack-trace>
            </failure>
        </test-case>
        <test-case start='1677040101346' status='broken' stop='1677040101346'>
            <name>When I input  as description</name>
            <title>When I input  as description</title>
            <labels>
                <label name='language' value='javascript'/>
                <label name='framework' value='wdio'/>
                <label name='thread' value='0-0'/>
            </labels>
            <parameters>
                <parameter kind='argument' name='browser' value='chrome-110.0.5481.104'/>
            </parameters>
            <steps/>
            <attachments/>
            <failure>
                <message>Step "I input  as description" is not defined. You can ignore this error by setting cucumberOpts.ignoreUndefinedDefinitions as true.</message>
                <stack-trace>Step "I input  as description" is not defined. You can ignore this error by setting cucumberOpts.ignoreUndefinedDefinitions as true.
                	at Feature(C:\Users\User\wdioCucumberTs\features\category.feature):1:1
                	at Scenario(Unsuccessfully Add new category):23:1
                	at Step(I input &lt;deskripsi> as description):28:5
                </stack-trace>
            </failure>
        </test-case>
        <test-case start='1677040101346' status='pending' stop='1677040101346'>
            <name>When I click button simpan</name>
            <title>When I click button simpan</title>
            <labels>
                <label name='language' value='javascript'/>
                <label name='framework' value='wdio'/>
                <label name='thread' value='0-0'/>
            </labels>
            <parameters>
                <parameter kind='argument' name='browser' value='chrome-110.0.5481.104'/>
            </parameters>
            <steps/>
            <attachments/>
        </test-case>
        <test-case start='1677040101346' status='pending' stop='1677040101347'>
            <name>Then I should see error message</name>
            <title>Then I should see error message</title>
            <labels>
                <label name='language' value='javascript'/>
                <label name='framework' value='wdio'/>
                <label name='thread' value='0-0'/>
            </labels>
            <parameters>
                <parameter kind='argument' name='browser' value='chrome-110.0.5481.104'/>
            </parameters>
            <steps/>
            <attachments/>
        </test-case>
        <test-case start='1677040101347' status='passed' stop='1677040101349'>
            <name></name>
            <title></title>
            <labels>
                <label name='language' value='javascript'/>
                <label name='framework' value='wdio'/>
                <label name='thread' value='0-0'/>
            </labels>
            <parameters>
                <parameter kind='argument' name='browser' value='chrome-110.0.5481.104'/>
            </parameters>
            <steps>
                <step start='1677040101347' status='undefined'>
                    <name>DELETE /session/:sessionId/window</name>
                    <title>DELETE /session/:sessionId/window</title>
                    <attachments/>
                    <steps/>
                </step>
            </steps>
            <attachments/>
        </test-case>
    </test-cases>
</ns2:test-suite>